<?xml version="1.0" encoding="UTF-8"?>
<testsuite xmlns:xsi="http://www.w3.org/2001/XMLSchema-instance" xsi:noNamespaceSchemaLocation="https://maven.apache.org/surefire/maven-surefire-plugin/xsd/surefire-test-report.xsd" name="net.tupi.display.ColorTranslatorTest" time="0.032" tests="4" errors="0" skipped="0" failures="0">
  <properties>
    <property name="gopherProxySet" value="false"/>
    <property name="awt.toolkit" value="sun.lwawt.macosx.LWCToolkit"/>
    <property name="file.encoding.pkg" value="sun.io"/>
    <property name="java.specification.version" value="1.8"/>
    <property name="sun.cpu.isalist" value=""/>
    <property name="sun.jnu.encoding" value="UTF-8"/>
    <property name="java.class.path" value="/Users/raeffray/leha/target/test-classes:/Users/raeffray/leha/target/classes:/Users/raeffray/.m2/repository/org/junit/jupiter/junit-jupiter/5.7.1/junit-jupiter-5.7.1.jar:/Users/raeffray/.m2/repository/org/junit/jupiter/junit-jupiter-api/5.7.1/junit-jupiter-api-5.7.1.jar:/Users/raeffray/.m2/repository/org/apiguardian/apiguardian-api/1.1.0/apiguardian-api-1.1.0.jar:/Users/raeffray/.m2/repository/org/opentest4j/opentest4j/1.2.0/opentest4j-1.2.0.jar:/Users/raeffray/.m2/repository/org/junit/platform/junit-platform-commons/1.7.1/junit-platform-commons-1.7.1.jar:/Users/raeffray/.m2/repository/org/junit/jupiter/junit-jupiter-params/5.7.1/junit-jupiter-params-5.7.1.jar:/Users/raeffray/.m2/repository/org/junit/jupiter/junit-jupiter-engine/5.7.1/junit-jupiter-engine-5.7.1.jar:/Users/raeffray/.m2/repository/org/junit/platform/junit-platform-engine/1.7.1/junit-platform-engine-1.7.1.jar:/Users/raeffray/.m2/repository/org/hamcrest/hamcrest-all/1.3/hamcrest-all-1.3.jar:/Users/raeffray/.m2/repository/org/lwjgl/lwjgl/3.2.3/lwjgl-3.2.3.jar:/Users/raeffray/.m2/repository/org/lwjgl/lwjgl-assimp/3.2.3/lwjgl-assimp-3.2.3.jar:/Users/raeffray/.m2/repository/org/lwjgl/lwjgl-bgfx/3.2.3/lwjgl-bgfx-3.2.3.jar:/Users/raeffray/.m2/repository/org/lwjgl/lwjgl-cuda/3.2.3/lwjgl-cuda-3.2.3.jar:/Users/raeffray/.m2/repository/org/lwjgl/lwjgl-egl/3.2.3/lwjgl-egl-3.2.3.jar:/Users/raeffray/.m2/repository/org/lwjgl/lwjgl-glfw/3.2.3/lwjgl-glfw-3.2.3.jar:/Users/raeffray/.m2/repository/org/lwjgl/lwjgl-jawt/3.2.3/lwjgl-jawt-3.2.3.jar:/Users/raeffray/.m2/repository/org/lwjgl/lwjgl-jemalloc/3.2.3/lwjgl-jemalloc-3.2.3.jar:/Users/raeffray/.m2/repository/org/lwjgl/lwjgl-libdivide/3.2.3/lwjgl-libdivide-3.2.3.jar:/Users/raeffray/.m2/repository/org/lwjgl/lwjgl-llvm/3.2.3/lwjgl-llvm-3.2.3.jar:/Users/raeffray/.m2/repository/org/lwjgl/lwjgl-lmdb/3.2.3/lwjgl-lmdb-3.2.3.jar:/Users/raeffray/.m2/repository/org/lwjgl/lwjgl-lz4/3.2.3/lwjgl-lz4-3.2.3.jar:/Users/raeffray/.m2/repository/org/lwjgl/lwjgl-meow/3.2.3/lwjgl-meow-3.2.3.jar:/Users/raeffray/.m2/repository/org/lwjgl/lwjgl-nanovg/3.2.3/lwjgl-nanovg-3.2.3.jar:/Users/raeffray/.m2/repository/org/lwjgl/lwjgl-nfd/3.2.3/lwjgl-nfd-3.2.3.jar:/Users/raeffray/.m2/repository/org/lwjgl/lwjgl-nuklear/3.2.3/lwjgl-nuklear-3.2.3.jar:/Users/raeffray/.m2/repository/org/lwjgl/lwjgl-odbc/3.2.3/lwjgl-odbc-3.2.3.jar:/Users/raeffray/.m2/repository/org/lwjgl/lwjgl-openal/3.2.3/lwjgl-openal-3.2.3.jar:/Users/raeffray/.m2/repository/org/lwjgl/lwjgl-opencl/3.2.3/lwjgl-opencl-3.2.3.jar:/Users/raeffray/.m2/repository/org/lwjgl/lwjgl-opengl/3.2.3/lwjgl-opengl-3.2.3.jar:/Users/raeffray/.m2/repository/org/lwjgl/lwjgl-opengles/3.2.3/lwjgl-opengles-3.2.3.jar:/Users/raeffray/.m2/repository/org/lwjgl/lwjgl-openvr/3.2.3/lwjgl-openvr-3.2.3.jar:/Users/raeffray/.m2/repository/org/lwjgl/lwjgl-opus/3.2.3/lwjgl-opus-3.2.3.jar:/Users/raeffray/.m2/repository/org/lwjgl/lwjgl-par/3.2.3/lwjgl-par-3.2.3.jar:/Users/raeffray/.m2/repository/org/lwjgl/lwjgl-remotery/3.2.3/lwjgl-remotery-3.2.3.jar:/Users/raeffray/.m2/repository/org/lwjgl/lwjgl-rpmalloc/3.2.3/lwjgl-rpmalloc-3.2.3.jar:/Users/raeffray/.m2/repository/org/lwjgl/lwjgl-shaderc/3.2.3/lwjgl-shaderc-3.2.3.jar:/Users/raeffray/.m2/repository/org/lwjgl/lwjgl-sse/3.2.3/lwjgl-sse-3.2.3.jar:/Users/raeffray/.m2/repository/org/lwjgl/lwjgl-stb/3.2.3/lwjgl-stb-3.2.3.jar:/Users/raeffray/.m2/repository/org/lwjgl/lwjgl-tinyexr/3.2.3/lwjgl-tinyexr-3.2.3.jar:/Users/raeffray/.m2/repository/org/lwjgl/lwjgl-tinyfd/3.2.3/lwjgl-tinyfd-3.2.3.jar:/Users/raeffray/.m2/repository/org/lwjgl/lwjgl-tootle/3.2.3/lwjgl-tootle-3.2.3.jar:/Users/raeffray/.m2/repository/org/lwjgl/lwjgl-vma/3.2.3/lwjgl-vma-3.2.3.jar:/Users/raeffray/.m2/repository/org/lwjgl/lwjgl-vulkan/3.2.3/lwjgl-vulkan-3.2.3.jar:/Users/raeffray/.m2/repository/org/lwjgl/lwjgl-xxhash/3.2.3/lwjgl-xxhash-3.2.3.jar:/Users/raeffray/.m2/repository/org/lwjgl/lwjgl-yoga/3.2.3/lwjgl-yoga-3.2.3.jar:/Users/raeffray/.m2/repository/org/lwjgl/lwjgl-zstd/3.2.3/lwjgl-zstd-3.2.3.jar:/Users/raeffray/.m2/repository/org/lwjgl/lwjgl/3.2.3/lwjgl-3.2.3-natives-macos.jar:/Users/raeffray/.m2/repository/org/lwjgl/lwjgl-assimp/3.2.3/lwjgl-assimp-3.2.3-natives-macos.jar:/Users/raeffray/.m2/repository/org/lwjgl/lwjgl-bgfx/3.2.3/lwjgl-bgfx-3.2.3-natives-macos.jar:/Users/raeffray/.m2/repository/org/lwjgl/lwjgl-glfw/3.2.3/lwjgl-glfw-3.2.3-natives-macos.jar:/Users/raeffray/.m2/repository/org/lwjgl/lwjgl-jemalloc/3.2.3/lwjgl-jemalloc-3.2.3-natives-macos.jar:/Users/raeffray/.m2/repository/org/lwjgl/lwjgl-libdivide/3.2.3/lwjgl-libdivide-3.2.3-natives-macos.jar:/Users/raeffray/.m2/repository/org/lwjgl/lwjgl-llvm/3.2.3/lwjgl-llvm-3.2.3-natives-macos.jar:/Users/raeffray/.m2/repository/org/lwjgl/lwjgl-lmdb/3.2.3/lwjgl-lmdb-3.2.3-natives-macos.jar:/Users/raeffray/.m2/repository/org/lwjgl/lwjgl-lz4/3.2.3/lwjgl-lz4-3.2.3-natives-macos.jar:/Users/raeffray/.m2/repository/org/lwjgl/lwjgl-meow/3.2.3/lwjgl-meow-3.2.3-natives-macos.jar:/Users/raeffray/.m2/repository/org/lwjgl/lwjgl-nanovg/3.2.3/lwjgl-nanovg-3.2.3-natives-macos.jar:/Users/raeffray/.m2/repository/org/lwjgl/lwjgl-nfd/3.2.3/lwjgl-nfd-3.2.3-natives-macos.jar:/Users/raeffray/.m2/repository/org/lwjgl/lwjgl-nuklear/3.2.3/lwjgl-nuklear-3.2.3-natives-macos.jar:/Users/raeffray/.m2/repository/org/lwjgl/lwjgl-openal/3.2.3/lwjgl-openal-3.2.3-natives-macos.jar:/Users/raeffray/.m2/repository/org/lwjgl/lwjgl-opengl/3.2.3/lwjgl-opengl-3.2.3-natives-macos.jar:/Users/raeffray/.m2/repository/org/lwjgl/lwjgl-opengles/3.2.3/lwjgl-opengles-3.2.3-natives-macos.jar:/Users/raeffray/.m2/repository/org/lwjgl/lwjgl-openvr/3.2.3/lwjgl-openvr-3.2.3-natives-macos.jar:/Users/raeffray/.m2/repository/org/lwjgl/lwjgl-opus/3.2.3/lwjgl-opus-3.2.3-natives-macos.jar:/Users/raeffray/.m2/repository/org/lwjgl/lwjgl-par/3.2.3/lwjgl-par-3.2.3-natives-macos.jar:/Users/raeffray/.m2/repository/org/lwjgl/lwjgl-remotery/3.2.3/lwjgl-remotery-3.2.3-natives-macos.jar:/Users/raeffray/.m2/repository/org/lwjgl/lwjgl-rpmalloc/3.2.3/lwjgl-rpmalloc-3.2.3-natives-macos.jar:/Users/raeffray/.m2/repository/org/lwjgl/lwjgl-shaderc/3.2.3/lwjgl-shaderc-3.2.3-natives-macos.jar:/Users/raeffray/.m2/repository/org/lwjgl/lwjgl-sse/3.2.3/lwjgl-sse-3.2.3-natives-macos.jar:/Users/raeffray/.m2/repository/org/lwjgl/lwjgl-stb/3.2.3/lwjgl-stb-3.2.3-natives-macos.jar:/Users/raeffray/.m2/repository/org/lwjgl/lwjgl-tinyexr/3.2.3/lwjgl-tinyexr-3.2.3-natives-macos.jar:/Users/raeffray/.m2/repository/org/lwjgl/lwjgl-tinyfd/3.2.3/lwjgl-tinyfd-3.2.3-natives-macos.jar:/Users/raeffray/.m2/repository/org/lwjgl/lwjgl-tootle/3.2.3/lwjgl-tootle-3.2.3-natives-macos.jar:/Users/raeffray/.m2/repository/org/lwjgl/lwjgl-vma/3.2.3/lwjgl-vma-3.2.3-natives-macos.jar:/Users/raeffray/.m2/repository/org/lwjgl/lwjgl-vulkan/3.2.3/lwjgl-vulkan-3.2.3-natives-macos.jar:/Users/raeffray/.m2/repository/org/lwjgl/lwjgl-xxhash/3.2.3/lwjgl-xxhash-3.2.3-natives-macos.jar:/Users/raeffray/.m2/repository/org/lwjgl/lwjgl-yoga/3.2.3/lwjgl-yoga-3.2.3-natives-macos.jar:/Users/raeffray/.m2/repository/org/lwjgl/lwjgl-zstd/3.2.3/lwjgl-zstd-3.2.3-natives-macos.jar:"/>
    <property name="java.vm.vendor" value="Oracle Corporation"/>
    <property name="sun.arch.data.model" value="64"/>
    <property name="java.vendor.url" value="http://java.oracle.com/"/>
    <property name="user.timezone" value=""/>
    <property name="java.vm.specification.version" value="1.8"/>
    <property name="os.name" value="Mac OS X"/>
    <property name="user.country" value="CA"/>
    <property name="sun.java.launcher" value="SUN_STANDARD"/>
    <property name="sun.boot.library.path" value="/Library/Java/JavaVirtualMachines/jdk1.8.0_131.jdk/Contents/Home/jre/lib"/>
    <property name="sun.java.command" value="/Users/raeffray/leha/target/surefire/surefirebooter4717609297705031044.jar /Users/raeffray/leha/target/surefire 2021-02-21T14-21-52_964-jvmRun1 surefire4056814299445117584tmp surefire_05855158390847267768tmp"/>
    <property name="http.nonProxyHosts" value="local|*.local|169.254/16|*.169.254/16"/>
    <property name="surefire.test.class.path" value="/Users/raeffray/leha/target/test-classes:/Users/raeffray/leha/target/classes:/Users/raeffray/.m2/repository/org/junit/jupiter/junit-jupiter/5.7.1/junit-jupiter-5.7.1.jar:/Users/raeffray/.m2/repository/org/junit/jupiter/junit-jupiter-api/5.7.1/junit-jupiter-api-5.7.1.jar:/Users/raeffray/.m2/repository/org/apiguardian/apiguardian-api/1.1.0/apiguardian-api-1.1.0.jar:/Users/raeffray/.m2/repository/org/opentest4j/opentest4j/1.2.0/opentest4j-1.2.0.jar:/Users/raeffray/.m2/repository/org/junit/platform/junit-platform-commons/1.7.1/junit-platform-commons-1.7.1.jar:/Users/raeffray/.m2/repository/org/junit/jupiter/junit-jupiter-params/5.7.1/junit-jupiter-params-5.7.1.jar:/Users/raeffray/.m2/repository/org/junit/jupiter/junit-jupiter-engine/5.7.1/junit-jupiter-engine-5.7.1.jar:/Users/raeffray/.m2/repository/org/junit/platform/junit-platform-engine/1.7.1/junit-platform-engine-1.7.1.jar:/Users/raeffray/.m2/repository/org/hamcrest/hamcrest-all/1.3/hamcrest-all-1.3.jar:/Users/raeffray/.m2/repository/org/lwjgl/lwjgl/3.2.3/lwjgl-3.2.3.jar:/Users/raeffray/.m2/repository/org/lwjgl/lwjgl-assimp/3.2.3/lwjgl-assimp-3.2.3.jar:/Users/raeffray/.m2/repository/org/lwjgl/lwjgl-bgfx/3.2.3/lwjgl-bgfx-3.2.3.jar:/Users/raeffray/.m2/repository/org/lwjgl/lwjgl-cuda/3.2.3/lwjgl-cuda-3.2.3.jar:/Users/raeffray/.m2/repository/org/lwjgl/lwjgl-egl/3.2.3/lwjgl-egl-3.2.3.jar:/Users/raeffray/.m2/repository/org/lwjgl/lwjgl-glfw/3.2.3/lwjgl-glfw-3.2.3.jar:/Users/raeffray/.m2/repository/org/lwjgl/lwjgl-jawt/3.2.3/lwjgl-jawt-3.2.3.jar:/Users/raeffray/.m2/repository/org/lwjgl/lwjgl-jemalloc/3.2.3/lwjgl-jemalloc-3.2.3.jar:/Users/raeffray/.m2/repository/org/lwjgl/lwjgl-libdivide/3.2.3/lwjgl-libdivide-3.2.3.jar:/Users/raeffray/.m2/repository/org/lwjgl/lwjgl-llvm/3.2.3/lwjgl-llvm-3.2.3.jar:/Users/raeffray/.m2/repository/org/lwjgl/lwjgl-lmdb/3.2.3/lwjgl-lmdb-3.2.3.jar:/Users/raeffray/.m2/repository/org/lwjgl/lwjgl-lz4/3.2.3/lwjgl-lz4-3.2.3.jar:/Users/raeffray/.m2/repository/org/lwjgl/lwjgl-meow/3.2.3/lwjgl-meow-3.2.3.jar:/Users/raeffray/.m2/repository/org/lwjgl/lwjgl-nanovg/3.2.3/lwjgl-nanovg-3.2.3.jar:/Users/raeffray/.m2/repository/org/lwjgl/lwjgl-nfd/3.2.3/lwjgl-nfd-3.2.3.jar:/Users/raeffray/.m2/repository/org/lwjgl/lwjgl-nuklear/3.2.3/lwjgl-nuklear-3.2.3.jar:/Users/raeffray/.m2/repository/org/lwjgl/lwjgl-odbc/3.2.3/lwjgl-odbc-3.2.3.jar:/Users/raeffray/.m2/repository/org/lwjgl/lwjgl-openal/3.2.3/lwjgl-openal-3.2.3.jar:/Users/raeffray/.m2/repository/org/lwjgl/lwjgl-opencl/3.2.3/lwjgl-opencl-3.2.3.jar:/Users/raeffray/.m2/repository/org/lwjgl/lwjgl-opengl/3.2.3/lwjgl-opengl-3.2.3.jar:/Users/raeffray/.m2/repository/org/lwjgl/lwjgl-opengles/3.2.3/lwjgl-opengles-3.2.3.jar:/Users/raeffray/.m2/repository/org/lwjgl/lwjgl-openvr/3.2.3/lwjgl-openvr-3.2.3.jar:/Users/raeffray/.m2/repository/org/lwjgl/lwjgl-opus/3.2.3/lwjgl-opus-3.2.3.jar:/Users/raeffray/.m2/repository/org/lwjgl/lwjgl-par/3.2.3/lwjgl-par-3.2.3.jar:/Users/raeffray/.m2/repository/org/lwjgl/lwjgl-remotery/3.2.3/lwjgl-remotery-3.2.3.jar:/Users/raeffray/.m2/repository/org/lwjgl/lwjgl-rpmalloc/3.2.3/lwjgl-rpmalloc-3.2.3.jar:/Users/raeffray/.m2/repository/org/lwjgl/lwjgl-shaderc/3.2.3/lwjgl-shaderc-3.2.3.jar:/Users/raeffray/.m2/repository/org/lwjgl/lwjgl-sse/3.2.3/lwjgl-sse-3.2.3.jar:/Users/raeffray/.m2/repository/org/lwjgl/lwjgl-stb/3.2.3/lwjgl-stb-3.2.3.jar:/Users/raeffray/.m2/repository/org/lwjgl/lwjgl-tinyexr/3.2.3/lwjgl-tinyexr-3.2.3.jar:/Users/raeffray/.m2/repository/org/lwjgl/lwjgl-tinyfd/3.2.3/lwjgl-tinyfd-3.2.3.jar:/Users/raeffray/.m2/repository/org/lwjgl/lwjgl-tootle/3.2.3/lwjgl-tootle-3.2.3.jar:/Users/raeffray/.m2/repository/org/lwjgl/lwjgl-vma/3.2.3/lwjgl-vma-3.2.3.jar:/Users/raeffray/.m2/repository/org/lwjgl/lwjgl-vulkan/3.2.3/lwjgl-vulkan-3.2.3.jar:/Users/raeffray/.m2/repository/org/lwjgl/lwjgl-xxhash/3.2.3/lwjgl-xxhash-3.2.3.jar:/Users/raeffray/.m2/repository/org/lwjgl/lwjgl-yoga/3.2.3/lwjgl-yoga-3.2.3.jar:/Users/raeffray/.m2/repository/org/lwjgl/lwjgl-zstd/3.2.3/lwjgl-zstd-3.2.3.jar:/Users/raeffray/.m2/repository/org/lwjgl/lwjgl/3.2.3/lwjgl-3.2.3-natives-macos.jar:/Users/raeffray/.m2/repository/org/lwjgl/lwjgl-assimp/3.2.3/lwjgl-assimp-3.2.3-natives-macos.jar:/Users/raeffray/.m2/repository/org/lwjgl/lwjgl-bgfx/3.2.3/lwjgl-bgfx-3.2.3-natives-macos.jar:/Users/raeffray/.m2/repository/org/lwjgl/lwjgl-glfw/3.2.3/lwjgl-glfw-3.2.3-natives-macos.jar:/Users/raeffray/.m2/repository/org/lwjgl/lwjgl-jemalloc/3.2.3/lwjgl-jemalloc-3.2.3-natives-macos.jar:/Users/raeffray/.m2/repository/org/lwjgl/lwjgl-libdivide/3.2.3/lwjgl-libdivide-3.2.3-natives-macos.jar:/Users/raeffray/.m2/repository/org/lwjgl/lwjgl-llvm/3.2.3/lwjgl-llvm-3.2.3-natives-macos.jar:/Users/raeffray/.m2/repository/org/lwjgl/lwjgl-lmdb/3.2.3/lwjgl-lmdb-3.2.3-natives-macos.jar:/Users/raeffray/.m2/repository/org/lwjgl/lwjgl-lz4/3.2.3/lwjgl-lz4-3.2.3-natives-macos.jar:/Users/raeffray/.m2/repository/org/lwjgl/lwjgl-meow/3.2.3/lwjgl-meow-3.2.3-natives-macos.jar:/Users/raeffray/.m2/repository/org/lwjgl/lwjgl-nanovg/3.2.3/lwjgl-nanovg-3.2.3-natives-macos.jar:/Users/raeffray/.m2/repository/org/lwjgl/lwjgl-nfd/3.2.3/lwjgl-nfd-3.2.3-natives-macos.jar:/Users/raeffray/.m2/repository/org/lwjgl/lwjgl-nuklear/3.2.3/lwjgl-nuklear-3.2.3-natives-macos.jar:/Users/raeffray/.m2/repository/org/lwjgl/lwjgl-openal/3.2.3/lwjgl-openal-3.2.3-natives-macos.jar:/Users/raeffray/.m2/repository/org/lwjgl/lwjgl-opengl/3.2.3/lwjgl-opengl-3.2.3-natives-macos.jar:/Users/raeffray/.m2/repository/org/lwjgl/lwjgl-opengles/3.2.3/lwjgl-opengles-3.2.3-natives-macos.jar:/Users/raeffray/.m2/repository/org/lwjgl/lwjgl-openvr/3.2.3/lwjgl-openvr-3.2.3-natives-macos.jar:/Users/raeffray/.m2/repository/org/lwjgl/lwjgl-opus/3.2.3/lwjgl-opus-3.2.3-natives-macos.jar:/Users/raeffray/.m2/repository/org/lwjgl/lwjgl-par/3.2.3/lwjgl-par-3.2.3-natives-macos.jar:/Users/raeffray/.m2/repository/org/lwjgl/lwjgl-remotery/3.2.3/lwjgl-remotery-3.2.3-natives-macos.jar:/Users/raeffray/.m2/repository/org/lwjgl/lwjgl-rpmalloc/3.2.3/lwjgl-rpmalloc-3.2.3-natives-macos.jar:/Users/raeffray/.m2/repository/org/lwjgl/lwjgl-shaderc/3.2.3/lwjgl-shaderc-3.2.3-natives-macos.jar:/Users/raeffray/.m2/repository/org/lwjgl/lwjgl-sse/3.2.3/lwjgl-sse-3.2.3-natives-macos.jar:/Users/raeffray/.m2/repository/org/lwjgl/lwjgl-stb/3.2.3/lwjgl-stb-3.2.3-natives-macos.jar:/Users/raeffray/.m2/repository/org/lwjgl/lwjgl-tinyexr/3.2.3/lwjgl-tinyexr-3.2.3-natives-macos.jar:/Users/raeffray/.m2/repository/org/lwjgl/lwjgl-tinyfd/3.2.3/lwjgl-tinyfd-3.2.3-natives-macos.jar:/Users/raeffray/.m2/repository/org/lwjgl/lwjgl-tootle/3.2.3/lwjgl-tootle-3.2.3-natives-macos.jar:/Users/raeffray/.m2/repository/org/lwjgl/lwjgl-vma/3.2.3/lwjgl-vma-3.2.3-natives-macos.jar:/Users/raeffray/.m2/repository/org/lwjgl/lwjgl-vulkan/3.2.3/lwjgl-vulkan-3.2.3-natives-macos.jar:/Users/raeffray/.m2/repository/org/lwjgl/lwjgl-xxhash/3.2.3/lwjgl-xxhash-3.2.3-natives-macos.jar:/Users/raeffray/.m2/repository/org/lwjgl/lwjgl-yoga/3.2.3/lwjgl-yoga-3.2.3-natives-macos.jar:/Users/raeffray/.m2/repository/org/lwjgl/lwjgl-zstd/3.2.3/lwjgl-zstd-3.2.3-natives-macos.jar:"/>
    <property name="sun.cpu.endian" value="little"/>
    <property name="user.home" value="/Users/raeffray"/>
    <property name="user.language" value="en"/>
    <property name="java.specification.vendor" value="Oracle Corporation"/>
    <property name="java.home" value="/Library/Java/JavaVirtualMachines/jdk1.8.0_131.jdk/Contents/Home/jre"/>
    <property name="basedir" value="/Users/raeffray/leha"/>
    <property name="file.separator" value="/"/>
    <property name="line.separator" value="&#10;"/>
    <property name="java.vm.specification.vendor" value="Oracle Corporation"/>
    <property name="java.specification.name" value="Java Platform API Specification"/>
    <property name="java.awt.graphicsenv" value="sun.awt.CGraphicsEnvironment"/>
    <property name="surefire.real.class.path" value="/Users/raeffray/leha/target/surefire/surefirebooter4717609297705031044.jar"/>
    <property name="sun.boot.class.path" value="/Library/Java/JavaVirtualMachines/jdk1.8.0_131.jdk/Contents/Home/jre/lib/resources.jar:/Library/Java/JavaVirtualMachines/jdk1.8.0_131.jdk/Contents/Home/jre/lib/rt.jar:/Library/Java/JavaVirtualMachines/jdk1.8.0_131.jdk/Contents/Home/jre/lib/sunrsasign.jar:/Library/Java/JavaVirtualMachines/jdk1.8.0_131.jdk/Contents/Home/jre/lib/jsse.jar:/Library/Java/JavaVirtualMachines/jdk1.8.0_131.jdk/Contents/Home/jre/lib/jce.jar:/Library/Java/JavaVirtualMachines/jdk1.8.0_131.jdk/Contents/Home/jre/lib/charsets.jar:/Library/Java/JavaVirtualMachines/jdk1.8.0_131.jdk/Contents/Home/jre/lib/jfr.jar:/Library/Java/JavaVirtualMachines/jdk1.8.0_131.jdk/Contents/Home/jre/classes"/>
    <property name="sun.management.compiler" value="HotSpot 64-Bit Tiered Compilers"/>
    <property name="ftp.nonProxyHosts" value="local|*.local|169.254/16|*.169.254/16"/>
    <property name="java.runtime.version" value="1.8.0_131-b11"/>
    <property name="user.name" value="raeffray"/>
    <property name="path.separator" value=":"/>
    <property name="os.version" value="10.14.2"/>
    <property name="java.endorsed.dirs" value="/Library/Java/JavaVirtualMachines/jdk1.8.0_131.jdk/Contents/Home/jre/lib/endorsed"/>
    <property name="java.runtime.name" value="Java(TM) SE Runtime Environment"/>
    <property name="file.encoding" value="UTF-8"/>
    <property name="java.vm.name" value="Java HotSpot(TM) 64-Bit Server VM"/>
    <property name="localRepository" value="/Users/raeffray/.m2/repository"/>
    <property name="java.vendor.url.bug" value="http://bugreport.sun.com/bugreport/"/>
    <property name="java.io.tmpdir" value="/var/folders/56/r0v7q35s4nvdm87b6tt_pzr80000gn/T/"/>
    <property name="java.version" value="1.8.0_131"/>
    <property name="user.dir" value="/Users/raeffray/leha"/>
    <property name="os.arch" value="x86_64"/>
    <property name="java.vm.specification.name" value="Java Virtual Machine Specification"/>
    <property name="java.awt.printerjob" value="sun.lwawt.macosx.CPrinterJob"/>
    <property name="sun.os.patch.level" value="unknown"/>
    <property name="java.library.path" value="/Users/raeffray/Library/Java/Extensions:/Library/Java/Extensions:/Network/Library/Java/Extensions:/System/Library/Java/Extensions:/usr/lib/java:."/>
    <property name="java.vm.info" value="mixed mode"/>
    <property name="java.vendor" value="Oracle Corporation"/>
    <property name="java.vm.version" value="25.131-b11"/>
    <property name="java.ext.dirs" value="/Users/raeffray/Library/Java/Extensions:/Library/Java/JavaVirtualMachines/jdk1.8.0_131.jdk/Contents/Home/jre/lib/ext:/Library/Java/Extensions:/Network/Library/Java/Extensions:/System/Library/Java/Extensions:/usr/lib/java"/>
    <property name="sun.io.unicode.encoding" value="UnicodeBig"/>
    <property name="java.class.version" value="52.0"/>
    <property name="socksNonProxyHosts" value="local|*.local|169.254/16|*.169.254/16"/>
  </properties>
  <testcase name="hexToRgb_test_invalid_hexa" classname="net.tupi.display.ColorTranslatorTest" time="0.022"/>
  <testcase name="hexToRgb_test_invalid_color" classname="net.tupi.display.ColorTranslatorTest" time="0.001"/>
  <testcase name="hexToRgb_test_happyPath_1" classname="net.tupi.display.ColorTranslatorTest" time="0.003"/>
  <testcase name="hexToRgb_test_happyPath_2" classname="net.tupi.display.ColorTranslatorTest" time="0"/>
</testsuite>